<?xml version="1.0" encoding="UTF-8"?>
<!-- Generated by org.testng.reporters.JUnitReportReporter -->
<testsuite hostname="LAPTOP-R176C8G8" failures="0" tests="1" name="Academy.validateNavigationBar" time="0.073" errors="0" timestamp="2022-02-14T12:44:01 IST" skipped="0">
  <testcase classname="Academy.validateNavigationBar" name="validateAppNavBar" time="0.073"/>
  <system-out/>
</testsuite> <!-- Academy.validateNavigationBar -->
