<?xml version="1.0" encoding="UTF-8"?>
<!-- Generated by org.testng.reporters.JUnitReportReporter -->
<testsuite hostname="LAPTOP-R176C8G8" failures="0" tests="2" name="Academy.HomePage" time="6.958" errors="0" timestamp="2022-02-14T12:44:01 IST" skipped="0">
  <testcase classname="Academy.HomePage" name="basePageNavigation" time="2.932"/>
  <system-out/>
  <testcase classname="Academy.HomePage" name="basePageNavigation" time="4.026"/>
  <system-out/>
</testsuite> <!-- Academy.HomePage -->
